2025-03-20 09:55:36,083 - FirebaseService - INFO - Environment variables loaded from .env.local
2025-03-20 09:55:36,083 - src.utils.firebase_utils - WARNING - FIREBASE_KEY_FILE environment variable not set or invalid.
2025-03-20 09:55:36,083 - src.utils.firebase_utils - WARNING - Looking for credential file in common locations.
2025-03-20 09:55:36,083 - src.utils.firebase_utils - WARNING - NOTE: Storing credential files in your repo is a security risk!
2025-03-20 09:55:36,083 - src.utils.firebase_utils - WARNING - Consider using environment variables instead.
2025-03-20 09:55:36,083 - src.utils.firebase_utils - INFO - Found Firebase credential file at: credentials/firebase-credentials.json
2025-03-20 09:55:36,083 - src.utils.firebase_utils - INFO - Using Firebase credentials from: credentials/firebase-credentials.json
2025-03-20 09:55:36,129 - src.utils.firebase_utils - INFO - Firebase connection initialized successfully.
2025-03-20 09:55:36,130 - FirebaseService - INFO - Firebase initialized successfully
2025-03-20 09:55:36,130 - firebase_cleanup - INFO - Created backup directory: /Users/eliasluoma/python-backtest/firebase_backup/20250320_095536
2025-03-20 09:55:36,130 - firebase_cleanup - INFO - Starting pool analysis...
2025-03-20 09:55:55,782 - firebase_cleanup - INFO - Found 4531 pools in Firebase
2025-03-20 09:55:55,782 - FirebaseService - INFO - Processing 4531 pools in batches of 20
2025-03-20 09:56:08,376 - FirebaseService - INFO - Processed 20 of 4531 pools
2025-03-20 09:56:56,665 - FirebaseService - INFO - Processed 120 of 4531 pools
2025-03-20 09:57:40,963 - FirebaseService - INFO - Processed 220 of 4531 pools
2025-03-20 09:58:26,669 - FirebaseService - INFO - Processed 320 of 4531 pools
2025-03-20 09:59:09,854 - FirebaseService - INFO - Processed 420 of 4531 pools
2025-03-20 09:59:55,373 - FirebaseService - INFO - Processed 520 of 4531 pools
2025-03-20 10:00:41,096 - FirebaseService - INFO - Processed 620 of 4531 pools
2025-03-20 10:01:28,291 - FirebaseService - INFO - Processed 720 of 4531 pools
2025-03-20 10:02:14,399 - FirebaseService - INFO - Processed 820 of 4531 pools
2025-03-20 10:03:00,280 - FirebaseService - INFO - Processed 920 of 4531 pools
2025-03-20 10:03:46,167 - FirebaseService - INFO - Processed 1020 of 4531 pools
2025-03-20 10:04:31,971 - FirebaseService - INFO - Processed 1120 of 4531 pools
2025-03-20 10:05:19,848 - FirebaseService - INFO - Processed 1220 of 4531 pools
2025-03-20 10:06:07,971 - FirebaseService - INFO - Processed 1320 of 4531 pools
2025-03-20 10:06:55,992 - FirebaseService - INFO - Processed 1420 of 4531 pools
2025-03-20 10:07:43,438 - FirebaseService - INFO - Processed 1520 of 4531 pools
2025-03-20 10:08:30,346 - FirebaseService - INFO - Processed 1620 of 4531 pools
2025-03-20 10:09:18,835 - FirebaseService - INFO - Processed 1720 of 4531 pools
2025-03-20 10:10:06,370 - FirebaseService - INFO - Processed 1820 of 4531 pools
2025-03-20 10:10:52,833 - FirebaseService - INFO - Processed 1920 of 4531 pools
2025-03-20 10:11:43,244 - FirebaseService - INFO - Processed 2020 of 4531 pools
2025-03-20 10:12:29,609 - FirebaseService - INFO - Processed 2120 of 4531 pools
2025-03-20 10:13:17,470 - FirebaseService - INFO - Processed 2220 of 4531 pools
2025-03-20 10:14:04,966 - FirebaseService - INFO - Processed 2320 of 4531 pools
2025-03-20 10:14:50,030 - FirebaseService - INFO - Processed 2420 of 4531 pools
2025-03-20 10:15:35,034 - FirebaseService - INFO - Processed 2520 of 4531 pools
2025-03-20 10:16:21,108 - FirebaseService - INFO - Processed 2620 of 4531 pools
2025-03-20 10:17:06,526 - FirebaseService - INFO - Processed 2720 of 4531 pools
2025-03-20 10:17:51,745 - FirebaseService - INFO - Processed 2820 of 4531 pools
2025-03-20 10:18:38,938 - FirebaseService - INFO - Processed 2920 of 4531 pools
2025-03-20 10:19:25,017 - FirebaseService - INFO - Processed 3020 of 4531 pools
2025-03-20 10:20:13,953 - FirebaseService - INFO - Processed 3120 of 4531 pools
2025-03-20 10:20:59,325 - FirebaseService - INFO - Processed 3220 of 4531 pools
2025-03-20 10:21:44,777 - FirebaseService - INFO - Processed 3320 of 4531 pools
